[SYS][08:26:02:227]Start in port 37001
[INT][08:26:02:261]Plugin init success
[SYS][08:26:20:688]Console:hh
[RUN][08:26:20:690]CMD:hh
[SYS][08:26:20:701]Result:Please Send With Format:SN=WIPXXXXXXX
[SYS][08:28:35:094]Console:SN=WIP8B15LTTGET
[RUN][08:28:35:095]CMD:SN=WIP8B15LTTGET
[SYS][08:28:35:239]Result:Empty
[SYS][09:16:27:532]Console:SN=WIP8B15LTTGET
[RUN][09:16:27:533]CMD:SN=WIP8B15LTTGET
[SYS][09:16:27:584]Result:Empty
[SYS][09:16:31:128]Console:SN=WIP8B15LTTGET 
[RUN][09:16:31:129]CMD:SN=WIP8B15LTTGET 
[SYS][09:16:31:148]Result:Please Send With Format:SN=WIPXXXXXXX
[SYS][09:16:41:735]Console:SN=WIP8B15LTTGET dd=
[RUN][09:16:41:736]CMD:SN=WIP8B15LTTGET dd=
[SYS][09:16:41:759]Result:Empty
[SYS][09:17:21:303]Plugin stop success
[SYS][09:24:16:913]Start in port 37001
[INT][09:24:16:940]Plugin init success
[SYS][09:24:34:149]Console:SN=WIP8B15LTTGET SN=WIP8B15LTTGET
[RUN][09:24:34:151]CMD:SN=WIP8B15LTTGET SN=WIP8B15LTTGET
[SYS][09:24:34:280]Result:Empty
[SYS][09:24:57:836]Plugin stop success
