[SYS][15:45:32:503]Start in port 37001
[INT][15:45:32:534]Plugin init success
[SYS][15:45:55:270]Console:SN=WIP8B27AD7LW8K
[RUN][15:45:55:271]CMD:SN=WIP8B27AD7LW8K
[SYS][15:45:55:365]Result:Empty
[SYS][15:50:50:568]Plugin stop success
[SYS][15:50:58:453]Start in port 37001
[INT][15:50:58:476]Plugin init success
[SYS][15:52:18:544]Console:SN=BWIP8B26LU0RUD
[RUN][15:52:18:546]CMD:SN=BWIP8B26LU0RUD
[SYS][15:52:18:637]Result:Empty
[SYS][15:54:02:020]Plugin stop success
[SYS][15:54:19:074]Start in port 37001
[INT][15:54:19:095]Plugin init success
[SYS][15:54:36:765]Console:SN=WIP8710LK3KDP
[RUN][15:54:36:766]CMD:SN=WIP8710LK3KDP
[SYS][15:55:05:217]Result:Open Sqlconnection Error!
[SYS][15:55:10:975]Plugin stop success
[SYS][15:55:22:784]Start in port 37001
[INT][15:55:22:807]Plugin init success
[SYS][15:55:39:835]Console:SN=WIP8710LK3KDP
[RUN][15:55:39:836]CMD:SN=WIP8710LK3KDP
[SYS][15:55:39:938]Result:Empty
[SYS][16:02:02:080]Plugin stop success
[SYS][16:02:23:289]Start in port 37001
[INT][16:02:23:313]Plugin init success
[SYS][16:02:35:993]Console:SN=WIP8710LK3KDP
[RUN][16:02:35:994]CMD:SN=WIP8710LK3KDP
[SYS][16:02:36:079]Result:Empty
[SYS][16:03:14:256]Plugin stop success
[SYS][16:03:20:723]Start in port 37001
[INT][16:03:20:746]Plugin init success
[SYS][16:03:29:026]Console:SN=WIP8710LK3KDP
[RUN][16:03:29:027]CMD:SN=WIP8710LK3KDP
[SYS][16:03:29:113]Result:FAIL
[SYS][16:04:06:396]Console:SN=WIP8710LK3KDP
[RUN][16:04:06:398]CMD:SN=WIP8710LK3KDP
[SYS][16:04:06:422]Result:PASS
[SYS][16:04:44:976]Plugin stop success
