[SYS][10:21:03:092]Start in port 99999
[INT][10:21:03:100]Plugin init success
[SYS][10:21:18:663]Console:check staion sidjflksdjf
[RUN][10:21:18:665]CMD:check staion sidjflksdjf
[SYS][10:21:18:666]Result:Empty
[SYS][10:22:01:074]Plugin stop success
[SYS][10:25:03:142]Start in port 99999
[INT][10:25:03:151]Plugin init success
[SYS][10:25:07:818]Console:skdjfkjsdkf
[RUN][10:25:07:819]CMD:skdjfkjsdkf
[SYS][10:25:07:820]Result:Empty
[SYS][10:25:18:438]Plugin stop success
[SYS][10:25:27:631]Start in port 99999
[INT][10:25:27:638]Plugin init success
[SYS][10:25:29:304]Plugin stop success
[SYS][10:25:31:024]Plugin stop success
[SYS][10:25:32:069]Plugin stop success
[SYS][10:25:33:005]Plugin stop success
[SYS][10:25:33:961]Plugin stop success
[SYS][10:25:36:117]Plugin stop success
[SYS][10:25:37:699]Plugin stop success
[SYS][10:25:38:468]Plugin stop success
[SYS][10:25:39:150]Plugin stop success
[SYS][10:25:39:822]Plugin stop success
[SYS][10:25:40:506]Plugin stop success
[SYS][10:25:41:263]Plugin stop success
[SYS][10:25:42:070]Plugin stop success
[SYS][10:25:43:509]Console:
[SYS][10:25:55:221]Start in port 99999
[INT][10:25:55:228]Plugin init success
[SYS][10:25:56:726]Plugin stop success
[SYS][10:25:56:921]Plugin stop success
[SYS][10:25:57:110]Plugin stop success
[SYS][10:25:57:294]Plugin stop success
[SYS][10:25:57:451]Plugin stop success
[SYS][10:25:58:043]Console:
[SYS][10:26:38:307]Start in port 99999
[INT][10:26:38:315]Plugin init success
[SYS][10:26:39:844]Plugin stop success
[SYS][10:26:41:286]Plugin stop success
[SYS][10:26:42:077]Console:
[SYS][10:30:51:649]Start in port 99999
[INT][10:30:51:658]Plugin init success
[SYS][10:30:57:075]Console:jhhhkjhiuhuk
[RUN][10:30:57:076]CMD:jhhhkjhiuhuk
[SYS][10:30:57:077]Result:Empty
[SYS][10:31:01:491]Console:hgjhkhjklhkj
[RUN][10:31:01:492]CMD:hgjhkhjklhkj
[SYS][10:31:01:493]Result:Empty
[SYS][10:31:06:510]Plugin stop success
[SYS][10:31:07:210]Console:
